<?xml version="1.0" encoding="UTF-8"?>
<testsuite xmlns:xsi="http://www.w3.org/2001/XMLSchema-instance" xsi:noNamespaceSchemaLocation="https://maven.apache.org/surefire/maven-surefire-plugin/xsd/surefire-test-report-3.0.xsd" version="3.0" name="com.jmtemplate.test.AcceptanceTest" time="0.012" tests="9" errors="0" skipped="0" failures="0">
  <properties>
    <property name="java.specification.version" value="21"/>
    <property name="sun.jnu.encoding" value="UTF-8"/>
    <property name="java.class.path" value="/home/gszabo/Projects/Else/jMustache/target/test-classes:/home/gszabo/.m2/repository/org/junit/jupiter/junit-jupiter-engine/5.4.0/junit-jupiter-engine-5.4.0.jar:/home/gszabo/.m2/repository/org/apiguardian/apiguardian-api/1.0.0/apiguardian-api-1.0.0.jar:/home/gszabo/.m2/repository/org/junit/platform/junit-platform-engine/1.4.0/junit-platform-engine-1.4.0.jar:/home/gszabo/.m2/repository/org/opentest4j/opentest4j/1.1.1/opentest4j-1.1.1.jar:/home/gszabo/.m2/repository/org/junit/platform/junit-platform-commons/1.4.0/junit-platform-commons-1.4.0.jar:/home/gszabo/.m2/repository/org/junit/jupiter/junit-jupiter-api/5.4.0/junit-jupiter-api-5.4.0.jar:"/>
    <property name="java.vm.vendor" value="Red Hat, Inc."/>
    <property name="sun.arch.data.model" value="64"/>
    <property name="java.vendor.url" value="https://www.redhat.com/"/>
    <property name="os.name" value="Linux"/>
    <property name="java.vm.specification.version" value="21"/>
    <property name="sun.java.launcher" value="SUN_STANDARD"/>
    <property name="user.country" value="US"/>
    <property name="sun.boot.library.path" value="/usr/lib/jvm/java-21-openjdk/lib"/>
    <property name="sun.java.command" value="org.apache.maven.surefire.booter.ForkedBooter /home/gszabo/Projects/Else/jMustache/target/surefire 2025-10-26T13-46-06_870-jvmRun1 surefire-20251026134607019_1tmp surefire_0-20251026134607019_2tmp"/>
    <property name="jdk.debug" value="release"/>
    <property name="surefire.test.class.path" value="/home/gszabo/Projects/Else/jMustache/target/test-classes:/home/gszabo/.m2/repository/org/junit/jupiter/junit-jupiter-engine/5.4.0/junit-jupiter-engine-5.4.0.jar:/home/gszabo/.m2/repository/org/apiguardian/apiguardian-api/1.0.0/apiguardian-api-1.0.0.jar:/home/gszabo/.m2/repository/org/junit/platform/junit-platform-engine/1.4.0/junit-platform-engine-1.4.0.jar:/home/gszabo/.m2/repository/org/opentest4j/opentest4j/1.1.1/opentest4j-1.1.1.jar:/home/gszabo/.m2/repository/org/junit/platform/junit-platform-commons/1.4.0/junit-platform-commons-1.4.0.jar:/home/gszabo/.m2/repository/org/junit/jupiter/junit-jupiter-api/5.4.0/junit-jupiter-api-5.4.0.jar:"/>
    <property name="sun.cpu.endian" value="little"/>
    <property name="user.home" value="/home/gszabo"/>
    <property name="user.language" value="en"/>
    <property name="java.specification.vendor" value="Oracle Corporation"/>
    <property name="jdk.module.path" value="/home/gszabo/Projects/Else/jMustache/target/classes"/>
    <property name="java.version.date" value="2025-07-15"/>
    <property name="java.home" value="/usr/lib/jvm/java-21-openjdk"/>
    <property name="file.separator" value="/"/>
    <property name="basedir" value="/home/gszabo/Projects/Else/jMustache"/>
    <property name="java.vm.compressedOopsMode" value="Zero based"/>
    <property name="line.separator" value="&#10;"/>
    <property name="java.specification.name" value="Java Platform API Specification"/>
    <property name="java.vm.specification.vendor" value="Oracle Corporation"/>
    <property name="surefire.real.class.path" value="/home/gszabo/.m2/repository/org/apache/maven/surefire/surefire-booter/3.2.5/surefire-booter-3.2.5.jar:/home/gszabo/.m2/repository/org/apache/maven/surefire/surefire-api/3.2.5/surefire-api-3.2.5.jar:/home/gszabo/.m2/repository/org/apache/maven/surefire/surefire-logger-api/3.2.5/surefire-logger-api-3.2.5.jar:/home/gszabo/.m2/repository/org/apache/maven/surefire/surefire-shared-utils/3.2.5/surefire-shared-utils-3.2.5.jar:/home/gszabo/.m2/repository/org/apache/maven/surefire/surefire-extensions-spi/3.2.5/surefire-extensions-spi-3.2.5.jar:/home/gszabo/Projects/Else/jMustache/target/test-classes:/home/gszabo/.m2/repository/org/junit/jupiter/junit-jupiter-engine/5.4.0/junit-jupiter-engine-5.4.0.jar:/home/gszabo/.m2/repository/org/apiguardian/apiguardian-api/1.0.0/apiguardian-api-1.0.0.jar:/home/gszabo/.m2/repository/org/junit/platform/junit-platform-engine/1.4.0/junit-platform-engine-1.4.0.jar:/home/gszabo/.m2/repository/org/opentest4j/opentest4j/1.1.1/opentest4j-1.1.1.jar:/home/gszabo/.m2/repository/org/junit/platform/junit-platform-commons/1.4.0/junit-platform-commons-1.4.0.jar:/home/gszabo/.m2/repository/org/junit/jupiter/junit-jupiter-api/5.4.0/junit-jupiter-api-5.4.0.jar:/home/gszabo/.m2/repository/org/apache/maven/surefire/surefire-junit-platform/3.2.5/surefire-junit-platform-3.2.5.jar:/home/gszabo/.m2/repository/org/apache/maven/surefire/common-java5/3.2.5/common-java5-3.2.5.jar:/home/gszabo/.m2/repository/org/junit/platform/junit-platform-launcher/1.4.0/junit-platform-launcher-1.4.0.jar"/>
    <property name="sun.management.compiler" value="HotSpot 64-Bit Tiered Compilers"/>
    <property name="java.runtime.version" value="21.0.8+9"/>
    <property name="user.name" value="gszabo"/>
    <property name="stdout.encoding" value="UTF-8"/>
    <property name="path.separator" value=":"/>
    <property name="os.version" value="6.16.3-200.fc42.x86_64"/>
    <property name="java.runtime.name" value="OpenJDK Runtime Environment"/>
    <property name="file.encoding" value="UTF-8"/>
    <property name="java.vm.name" value="OpenJDK 64-Bit Server VM"/>
    <property name="java.vendor.version" value="(Red_Hat-21.0.8.0.9-1)"/>
    <property name="localRepository" value="/home/gszabo/.m2/repository"/>
    <property name="java.vendor.url.bug" value="https://bugzilla.redhat.com/enter_bug.cgi?product=Fedora&amp;component=java-21-openjdk&amp;version=41"/>
    <property name="java.io.tmpdir" value="/tmp"/>
    <property name="java.version" value="21.0.8"/>
    <property name="user.dir" value="/home/gszabo/Projects/Else/jMustache"/>
    <property name="os.arch" value="amd64"/>
    <property name="java.vm.specification.name" value="Java Virtual Machine Specification"/>
    <property name="native.encoding" value="UTF-8"/>
    <property name="java.library.path" value="/usr/java/packages/lib:/usr/lib64:/lib64:/lib:/usr/lib"/>
    <property name="java.vm.info" value="mixed mode"/>
    <property name="stderr.encoding" value="UTF-8"/>
    <property name="java.vendor" value="Red Hat, Inc."/>
    <property name="java.vm.version" value="21.0.8+9"/>
    <property name="sun.io.unicode.encoding" value="UnicodeLittle"/>
    <property name="java.class.version" value="65.0"/>
  </properties>
  <testcase name="testPartial" classname="com.jmtemplate.test.AcceptanceTest" time="0.002">
    <system-out><![CDATA[Test: partials
To achieve:
<h2>Names</h2>
<strong>theName</strong>
Rendered:
<h2>Names</h2>
<strong>theName</strong>
-------------------

]]></system-out>
  </testcase>
  <testcase name="testInvertedSection" classname="com.jmtemplate.test.AcceptanceTest" time="0.002">
    <system-out><![CDATA[Test: invertedSection
To achieve:
No repoa
No repob
No repoc
Rendered:
No repoa
No repob
No repoc
-------------------

]]></system-out>
  </testcase>
  <testcase name="testVariable" classname="com.jmtemplate.test.AcceptanceTest" time="0.001">
    <system-out><![CDATA[Test: Variable
To achieve:
* Chris
* 
* &lt;b&gt;GitHub&lt;/b&gt;
* <b>GitHub</b>
Rendered: 
* Chris
* 
* &lt;b&gt;GitHub&lt;/b&gt;
* <b>GitHub</b>
-------------------

]]></system-out>
  </testcase>
  <testcase name="testSectionTrue" classname="com.jmtemplate.test.AcceptanceTest" time="0.001">
    <system-out><![CDATA[Test: Section: True
To achieve:
Shown.

  Never shown!

Rendered: 
Shown.

  Never shown!

-------------------

]]></system-out>
  </testcase>
  <testcase name="testComment" classname="com.jmtemplate.test.AcceptanceTest" time="0.001">
    <system-out><![CDATA[Test: comment
To achieve:
<h1>Today.</h1>
Rendered:
<h1>Today.</h1>
-------------------

]]></system-out>
  </testcase>
  <testcase name="testNonEmptyValues" classname="com.jmtemplate.test.AcceptanceTest" time="0.0">
    <system-out><![CDATA[Test: nonEmptyValues
To achieve:

  Hi Jon!

Rendered: 

  Hi Jon!

-------------------

]]></system-out>
  </testcase>
  <testcase name="testNonEmptyList" classname="com.jmtemplate.test.AcceptanceTest" time="0.0">
    <system-out><![CDATA[Test: NonEmptyList
To achieve:

  <b>resque</b>
  <b>hub</b>
  <b>rip</b>
Rendered: 

  <b>resque</b>
  <b>hub</b>
  <b>rip</b>
-------------------

]]></system-out>
  </testcase>
  <testcase name="testLambda" classname="com.jmtemplate.test.AcceptanceTest" time="0.001">
    <system-out><![CDATA[Test: lambdas
To achieve:
Hello, World
Rendered:
Hello, World
-------------------

]]></system-out>
  </testcase>
  <testcase name="testSectionFalse" classname="com.jmtemplate.test.AcceptanceTest" time="0.0">
    <system-out><![CDATA[Test: Section: False
To achieve:
Shown.

Rendered: 
Shown.

-------------------

]]></system-out>
  </testcase>
</testsuite>